This is pdfTeX, Version 3.141592653-2.6-1.40.23 (MiKTeX 21.10) (preloaded format=pdflatex 2021.11.23)  27 MAR 2022 23:25
entering extended mode
**./hw4_submission.tex
(hw4_submission.tex
LaTeX2e <2021-11-15>
L3 programming layer <2021-11-12>
(C:\Users\kadhi\AppData\Local\Programs\MiKTeX\tex/latex/base\report.cls
Document Class: report 2021/10/04 v1.4n Standard LaTeX document class
(C:\Users\kadhi\AppData\Local\Programs\MiKTeX\tex/latex/base\size12.clo
File: size12.clo 2021/10/04 v1.4n Standard LaTeX file (size option)
)
\c@part=\count183
\c@chapter=\count184
\c@section=\count185
\c@subsection=\count186
\c@subsubsection=\count187
\c@paragraph=\count188
\c@subparagraph=\count189
\c@figure=\count190
\c@table=\count191
\abovecaptionskip=\skip47
\belowcaptionskip=\skip48
\bibindent=\dimen138
)
(C:\Users\kadhi\AppData\Local\Programs\MiKTeX\tex/latex/preprint\fullpage.sty
Package: fullpage 1999/02/23 1.1 (PWD)
\FP@margin=\skip49
)
(C:\Users\kadhi\AppData\Local\Programs\MiKTeX\tex/latex/tools\indentfirst.sty
Package: indentfirst 1995/11/23 v1.03 Indent first paragraph (DPC)
)
(C:\Users\kadhi\AppData\Local\Programs\MiKTeX\tex/latex/tools\verbatim.sty
Package: verbatim 2020-07-07 v1.5u LaTeX2e package for verbatim enhancements
\every@verbatim=\toks16
\verbatim@line=\toks17
\verbatim@in@stream=\read2
)
(C:\Users\kadhi\AppData\Local\Programs\MiKTeX\tex/latex/was\gensymb.sty
Package: gensymb 2003/07/02 v1.0 (WaS)
)
(C:\Users\kadhi\AppData\Local\Programs\MiKTeX\tex/latex/amscls\amsthm.sty
Package: amsthm 2020/05/29 v2.20.6
\thm@style=\toks18
\thm@bodyfont=\toks19
\thm@headfont=\toks20
\thm@notefont=\toks21
\thm@headpunct=\toks22
\thm@preskip=\skip50
\thm@postskip=\skip51
\thm@headsep=\skip52
\dth@everypar=\toks23
)
(C:\Users\kadhi\AppData\Local\Programs\MiKTeX\tex/latex/amsmath\amsmath.sty
Package: amsmath 2021/10/15 v2.17l AMS math features
\@mathmargin=\skip53

For additional information on amsmath, use the `?' option.
(C:\Users\kadhi\AppData\Local\Programs\MiKTeX\tex/latex/amsmath\amstext.sty
Package: amstext 2021/08/26 v2.01 AMS text

(C:\Users\kadhi\AppData\Local\Programs\MiKTeX\tex/latex/amsmath\amsgen.sty
File: amsgen.sty 1999/11/30 v2.0 generic functions
\@emptytoks=\toks24
\ex@=\dimen139
))
(C:\Users\kadhi\AppData\Local\Programs\MiKTeX\tex/latex/amsmath\amsbsy.sty
Package: amsbsy 1999/11/29 v1.2d Bold Symbols
\pmbraise@=\dimen140
)
(C:\Users\kadhi\AppData\Local\Programs\MiKTeX\tex/latex/amsmath\amsopn.sty
Package: amsopn 2021/08/26 v2.02 operator names
)
\inf@bad=\count192
LaTeX Info: Redefining \frac on input line 234.
\uproot@=\count193
\leftroot@=\count194
LaTeX Info: Redefining \overline on input line 399.
\classnum@=\count195
\DOTSCASE@=\count196
LaTeX Info: Redefining \ldots on input line 496.
LaTeX Info: Redefining \dots on input line 499.
LaTeX Info: Redefining \cdots on input line 620.
\Mathstrutbox@=\box50
\strutbox@=\box51
\big@size=\dimen141
LaTeX Font Info:    Redeclaring font encoding OML on input line 743.
LaTeX Font Info:    Redeclaring font encoding OMS on input line 744.
\macc@depth=\count197
\c@MaxMatrixCols=\count198
\dotsspace@=\muskip16
\c@parentequation=\count199
\dspbrk@lvl=\count266
\tag@help=\toks25
\row@=\count267
\column@=\count268
\maxfields@=\count269
\andhelp@=\toks26
\eqnshift@=\dimen142
\alignsep@=\dimen143
\tagshift@=\dimen144
\tagwidth@=\dimen145
\totwidth@=\dimen146
\lineht@=\dimen147
\@envbody=\toks27
\multlinegap=\skip54
\multlinetaggap=\skip55
\mathdisplay@stack=\toks28
LaTeX Info: Redefining \[ on input line 2938.
LaTeX Info: Redefining \] on input line 2939.
)
(C:\Users\kadhi\AppData\Local\Programs\MiKTeX\tex/latex/graphics\graphicx.sty
Package: graphicx 2021/09/16 v1.2d Enhanced LaTeX Graphics (DPC,SPQR)

(C:\Users\kadhi\AppData\Local\Programs\MiKTeX\tex/latex/graphics\keyval.sty
Package: keyval 2014/10/28 v1.15 key=value parser (DPC)
\KV@toks@=\toks29
)
(C:\Users\kadhi\AppData\Local\Programs\MiKTeX\tex/latex/graphics\graphics.sty
Package: graphics 2021/03/04 v1.4d Standard LaTeX Graphics (DPC,SPQR)

(C:\Users\kadhi\AppData\Local\Programs\MiKTeX\tex/latex/graphics\trig.sty
Package: trig 2021/08/11 v1.11 sin cos tan (DPC)
)
(C:\Users\kadhi\AppData\Local\Programs\MiKTeX\tex/latex/graphics-cfg\graphics.c
fg
File: graphics.cfg 2016/06/04 v1.11 sample graphics configuration
)
Package graphics Info: Driver file: pdftex.def on input line 107.

(C:\Users\kadhi\AppData\Local\Programs\MiKTeX\tex/latex/graphics-def\pdftex.def
File: pdftex.def 2020/10/05 v1.2a Graphics/color driver for pdftex
))
\Gin@req@height=\dimen148
\Gin@req@width=\dimen149
) (C:\Users\kadhi\AppData\Local\Programs\MiKTeX\tex/latex/float\float.sty
Package: float 2001/11/08 v1.3d Float enhancements (AL)
\c@float@type=\count270
\float@exts=\toks30
\float@box=\box52
\@float@everytoks=\toks31
\@floatcapt=\box53
)
(C:\Users\kadhi\AppData\Local\Programs\MiKTeX\tex/latex/caption\subcaption.sty
Package: subcaption 2020/10/07 v1.3j Sub-captions (AR)

(C:\Users\kadhi\AppData\Local\Programs\MiKTeX\tex/latex/caption\caption.sty
Package: caption 2020/10/26 v3.5g Customizing captions (AR)

(C:\Users\kadhi\AppData\Local\Programs\MiKTeX\tex/latex/caption\caption3.sty
Package: caption3 2020/10/21 v2.2e caption3 kernel (AR)
\captionmargin=\dimen150
\captionmargin@=\dimen151
\captionwidth=\dimen152
\caption@tempdima=\dimen153
\caption@indent=\dimen154
\caption@parindent=\dimen155
\caption@hangindent=\dimen156
Package caption Info: Standard document class detected.
)
\c@caption@flags=\count271
\c@continuedfloat=\count272
Package caption Info: float package is loaded.
)
\c@subfigure=\count273
\c@subtable=\count274
) (C:\Users\kadhi\AppData\Local\Programs\MiKTeX\tex/latex/appendix\appendix.sty
Package: appendix 2020/02/08 v1.2c extra appendix facilities
\c@@pps=\count275
\c@@ppsavesec=\count276
\c@@ppsaveapp=\count277
) (C:\Users\kadhi\AppData\Local\Programs\MiKTeX\tex/latex/listings\listings.sty
\lst@mode=\count278
\lst@gtempboxa=\box54
\lst@token=\toks32
\lst@length=\count279
\lst@currlwidth=\dimen157
\lst@column=\count280
\lst@pos=\count281
\lst@lostspace=\dimen158
\lst@width=\dimen159
\lst@newlines=\count282
\lst@lineno=\count283
\lst@maxwidth=\dimen160

(C:\Users\kadhi\AppData\Local\Programs\MiKTeX\tex/latex/listings\lstmisc.sty
File: lstmisc.sty 2020/03/24 1.8d (Carsten Heinz)
\c@lstnumber=\count284
\lst@skipnumbers=\count285
\lst@framebox=\box55
)
(C:\Users\kadhi\AppData\Local\Programs\MiKTeX\tex/latex/listings\listings.cfg
File: listings.cfg 2020/03/24 1.8d listings configuration
))
Package: listings 2020/03/24 1.8d (Carsten Heinz)
(C:\Users\kadhi\AppData\Local\Programs\MiKTeX\tex/latex/minted\minted.sty
Package: minted 2017/07/19 v2.5 Yet another Pygments shim for LaTeX

(C:\Users\kadhi\AppData\Local\Programs\MiKTeX\tex/latex/kvoptions\kvoptions.sty
Package: kvoptions 2020-10-07 v3.14 Key value format for package options (HO)
(C:\Users\kadhi\AppData\Local\Programs\MiKTeX\tex/generic/ltxcmds\ltxcmds.sty
Package: ltxcmds 2020-05-10 v1.25 LaTeX kernel commands for general use (HO)
)
(C:\Users\kadhi\AppData\Local\Programs\MiKTeX\tex/generic/kvsetkeys\kvsetkeys.s
ty
Package: kvsetkeys 2019/12/15 v1.18 Key value parser (HO)
))
(C:\Users\kadhi\AppData\Local\Programs\MiKTeX\tex/latex/fvextra\fvextra.sty
Package: fvextra 2019/02/04 v1.4 fvextra - extensions and patches for fancyvrb

(C:\Users\kadhi\AppData\Local\Programs\MiKTeX\tex/latex/base\ifthen.sty
Package: ifthen 2020/11/24 v1.1c Standard LaTeX ifthen package (DPC)
)
(C:\Users\kadhi\AppData\Local\Programs\MiKTeX\tex/latex/etoolbox\etoolbox.sty
Package: etoolbox 2020/10/05 v2.5k e-TeX tools for LaTeX (JAW)
\etb@tempcnta=\count286
)
(C:\Users\kadhi\AppData\Local\Programs\MiKTeX\tex/latex/fancyvrb\fancyvrb.sty
Package: fancyvrb 2021/11/18 v4.0 verbatim text (tvz,hv)
\FV@CodeLineNo=\count287
\FV@InFile=\read3
\FV@TabBox=\box56
\c@FancyVerbLine=\count288
\FV@StepNumber=\count289
\FV@OutFile=\write3
)
(C:\Users\kadhi\AppData\Local\Programs\MiKTeX\tex/latex/upquote\upquote.sty
Package: upquote 2012/04/19 v1.3 upright-quote and grave-accent glyphs in verba
tim
)
(C:\Users\kadhi\AppData\Local\Programs\MiKTeX\tex/latex/lineno\lineno.sty
Package: lineno 2005/11/02 line numbers on paragraphs v4.41
\linenopenalty=\count290
\output=\toks33
\linenoprevgraf=\count291
\linenumbersep=\dimen161
\linenumberwidth=\dimen162
\c@linenumber=\count292
\c@pagewiselinenumber=\count293
\c@LN@truepage=\count294
\c@internallinenumber=\count295
\c@internallinenumbers=\count296
\quotelinenumbersep=\dimen163
\bframerule=\dimen164
\bframesep=\dimen165
\bframebox=\box57
LaTeX Info: Redefining \\ on input line 3056.
)
\c@FV@TrueTabGroupLevel=\count297
\c@FV@TrueTabCounter=\count298
\FV@TabBox@Group=\box58
\FV@TmpLength=\skip56
\c@FV@HighlightLinesStart=\count299
\c@FV@HighlightLinesStop=\count300
\FV@LoopCount=\count301
\FV@NCharsBox=\box59
\FV@BreakIndent=\dimen166
\FV@BreakIndentNChars=\count302
\FV@BreakSymbolSepLeft=\dimen167
\FV@BreakSymbolSepLeftNChars=\count303
\FV@BreakSymbolSepRight=\dimen168
\FV@BreakSymbolSepRightNChars=\count304
\FV@BreakSymbolIndentLeft=\dimen169
\FV@BreakSymbolIndentLeftNChars=\count305
\FV@BreakSymbolIndentRight=\dimen170
\FV@BreakSymbolIndentRightNChars=\count306
\c@FancyVerbLineBreakLast=\count307
\FV@LineBox=\box60
\FV@LineIndentBox=\box61
\FV@LineWidth=\dimen171
)
(C:\Users\kadhi\AppData\Local\Programs\MiKTeX\tex/latex/tools\calc.sty
Package: calc 2017/05/25 v4.3 Infix arithmetic (KKT,FJ)
\calc@Acount=\count308
\calc@Bcount=\count309
\calc@Adimen=\dimen172
\calc@Bdimen=\dimen173
\calc@Askip=\skip57
\calc@Bskip=\skip58
LaTeX Info: Redefining \setlength on input line 80.
LaTeX Info: Redefining \addtolength on input line 81.
\calc@Ccount=\count310
\calc@Cskip=\skip59
)
(C:\Users\kadhi\AppData\Local\Programs\MiKTeX\tex/latex/tools\shellesc.sty
Package: shellesc 2019/11/08 v1.0c unified shell escape interface for LaTeX
Package shellesc Info: Unrestricted shell escape enabled on input line 75.
)
(C:\Users\kadhi\AppData\Local\Programs\MiKTeX\tex/latex/ifplatform\ifplatform.s
ty
Package: ifplatform 2017/10/13 v0.4a Testing for the operating system

(C:\Users\kadhi\AppData\Local\Programs\MiKTeX\tex/generic/pdftexcmds\pdftexcmds
.sty
Package: pdftexcmds 2020-06-27 v0.33 Utility functions of pdfTeX for LuaTeX (HO
)

(C:\Users\kadhi\AppData\Local\Programs\MiKTeX\tex/generic/infwarerr\infwarerr.s
ty
Package: infwarerr 2019/12/03 v1.5 Providing info/warning/error messages (HO)
) (C:\Users\kadhi\AppData\Local\Programs\MiKTeX\tex/generic/iftex\iftex.sty
Package: iftex 2020/03/06 v1.0d TeX engine tests
)
Package pdftexcmds Info: \pdf@primitive is available.
Package pdftexcmds Info: \pdf@ifprimitive is available.
Package pdftexcmds Info: \pdfdraftmode found.
)
(C:\Users\kadhi\AppData\Local\Programs\MiKTeX\tex/generic/catchfile\catchfile.s
ty
Package: catchfile 2019/12/09 v1.8 Catch the contents of a file (HO)

(C:\Users\kadhi\AppData\Local\Programs\MiKTeX\tex/generic/etexcmds\etexcmds.sty
Package: etexcmds 2019/12/15 v1.7 Avoid name clashes with e-TeX commands (HO)
)) (C:\Users\kadhi\AppData\Local\Programs\MiKTeX\tex/generic/iftex\ifluatex.sty
Package: ifluatex 2019/10/25 v1.5 ifluatex legacy package. Use iftex instead.
)) (C:\Users\kadhi\AppData\Local\Programs\MiKTeX\tex/latex/xstring\xstring.sty
(C:\Users\kadhi\AppData\Local\Programs\MiKTeX\tex/generic/xstring\xstring.tex
\integerpart=\count311
\decimalpart=\count312
)
Package: xstring 2021/07/21 v1.84 String manipulations (CT)
) (C:\Users\kadhi\AppData\Local\Programs\MiKTeX\tex/latex/framed\framed.sty
Package: framed 2011/10/22 v 0.96: framed or shaded text with page breaks
\OuterFrameSep=\skip60
\fb@frw=\dimen174
\fb@frh=\dimen175
\FrameRule=\dimen176
\FrameSep=\dimen177
)
\minted@appexistsfile=\read4
\minted@bgbox=\box62
\minted@code=\write4
\c@minted@FancyVerbLineTemp=\count313
\c@minted@pygmentizecounter=\count314
\@float@every@listing=\toks34
\c@listing=\count315
)
(C:\Users\kadhi\AppData\Local\Programs\MiKTeX\tex/latex/multirow\multirow.sty
Package: multirow 2021/03/15 v2.8 Span multiple rows of a table
\multirow@colwidth=\skip61
\multirow@cntb=\count316
\multirow@dima=\skip62
\bigstrutjot=\dimen178
)
(C:\Users\kadhi\AppData\Local\Programs\MiKTeX\tex/latex/pdfpages\pdfpages.sty
Package: pdfpages 2021/03/06 v0.5t Insert pages of external PDF documents (AM)

(C:\Users\kadhi\AppData\Local\Programs\MiKTeX\tex/latex/eso-pic\eso-pic.sty
Package: eso-pic 2020/10/14 v3.0a eso-pic (RN)
\ESO@tempdima=\dimen179
\ESO@tempdimb=\dimen180

(C:\Users\kadhi\AppData\Local\Programs\MiKTeX\tex/latex/xcolor\xcolor.sty
Package: xcolor 2021/10/31 v2.13 LaTeX color extensions (UK)

(C:\Users\kadhi\AppData\Local\Programs\MiKTeX\tex/latex/graphics-cfg\color.cfg
File: color.cfg 2016/01/02 v1.6 sample color configuration
)
Package xcolor Info: Driver file: pdftex.def on input line 227.
Package xcolor Info: Model `cmy' substituted by `cmy0' on input line 1352.
Package xcolor Info: Model `hsb' substituted by `rgb' on input line 1356.
Package xcolor Info: Model `RGB' extended on input line 1368.
Package xcolor Info: Model `HTML' substituted by `rgb' on input line 1370.
Package xcolor Info: Model `Hsb' substituted by `hsb' on input line 1371.
Package xcolor Info: Model `tHsb' substituted by `hsb' on input line 1372.
Package xcolor Info: Model `HSB' substituted by `hsb' on input line 1373.
Package xcolor Info: Model `Gray' substituted by `gray' on input line 1374.
Package xcolor Info: Model `wave' substituted by `hsb' on input line 1375.
))
\AM@pagewidth=\dimen181
\AM@pageheight=\dimen182
\AM@fboxrule=\dimen183

(C:\Users\kadhi\AppData\Local\Programs\MiKTeX\tex/latex/pdfpages\pppdftex.def
File: pppdftex.def 2021/03/06 v0.5t Pdfpages driver for pdfTeX (AM)
)
\pdfpages@includegraphics@status=\count317
\AM@pagebox=\box63
\AM@global@opts=\toks35
\AM@pagecnt=\count318
\AM@toc@title=\toks36
\c@AM@survey=\count319
\AM@templatesizebox=\box64
)
\originalVOffset=\skip63
\originalHOffset=\skip64
\c@exmp=\count320
runsystem(for ^%i in (pygmentize.exe pygmentize.bat pygmentize.cmd) do set > hw
4_submission.aex <nul: /p x=^%~$PATH:i>> hw4_submission.aex)...executed.

runsystem(del hw4_submission.aex)...executed.


(C:\Users\kadhi\AppData\Local\Programs\MiKTeX\tex/latex/l3backend\l3backend-pdf
tex.def
File: l3backend-pdftex.def 2021-10-18 L3 backend support: PDF output (pdfTeX)
\l__color_backend_stack_int=\count321
\l__pdf_internal_box=\box65
)
No file hw4_submission.aux.
\openout1 = `hw4_submission.aux'.

LaTeX Font Info:    Checking defaults for OML/cmm/m/it on input line 35.
LaTeX Font Info:    ... okay on input line 35.
LaTeX Font Info:    Checking defaults for OMS/cmsy/m/n on input line 35.
LaTeX Font Info:    ... okay on input line 35.
LaTeX Font Info:    Checking defaults for OT1/cmr/m/n on input line 35.
LaTeX Font Info:    ... okay on input line 35.
LaTeX Font Info:    Checking defaults for T1/cmr/m/n on input line 35.
LaTeX Font Info:    ... okay on input line 35.
LaTeX Font Info:    Checking defaults for TS1/cmr/m/n on input line 35.
LaTeX Font Info:    ... okay on input line 35.
LaTeX Font Info:    Checking defaults for OMX/cmex/m/n on input line 35.
LaTeX Font Info:    ... okay on input line 35.
LaTeX Font Info:    Checking defaults for U/cmr/m/n on input line 35.
LaTeX Font Info:    ... okay on input line 35.
LaTeX Info: Redefining \celsius on input line 35.
Package gensymb Info: Faking symbols for \degree and \celsius on input line 35.


Package gensymb Warning: Not defining \perthousand.

LaTeX Info: Redefining \ohm on input line 35.
Package gensymb Info: Using \Omega for \ohm on input line 35.

Package gensymb Warning: Not defining \micro.


(C:\Users\kadhi\AppData\Local\Programs\MiKTeX\tex/context/base/mkii\supp-pdf.mk
ii
[Loading MPS to PDF converter (version 2006.09.02).]
\scratchcounter=\count322
\scratchdimen=\dimen184
\scratchbox=\box66
\nofMPsegments=\count323
\nofMParguments=\count324
\everyMPshowfont=\toks37
\MPscratchCnt=\count325
\MPscratchDim=\dimen185
\MPnumerator=\count326
\makeMPintoPDFobject=\count327
\everyMPtoPDFconversion=\toks38
)
(C:\Users\kadhi\AppData\Local\Programs\MiKTeX\tex/latex/epstopdf-pkg\epstopdf-b
ase.sty
Package: epstopdf-base 2020-01-24 v2.11 Base part for package epstopdf
Package epstopdf-base Info: Redefining graphics rule for `.eps' on input line 4
85.

(C:\Users\kadhi\AppData\Local\Programs\MiKTeX\tex/latex/00miktex\epstopdf-sys.c
fg
File: epstopdf-sys.cfg 2021/03/18 v2.0 Configuration of epstopdf for MiKTeX
))
Package caption Info: Begin \AtBeginDocument code.
Package caption Info: listings package is loaded.
Package caption Info: End \AtBeginDocument code.
 (C:\Users\kadhi\AppData\Local\Programs\MiKTeX\tex/latex/base\textcomp.sty
Package: textcomp 2020/02/02 v2.0n Standard LaTeX package
)
\c@lstlisting=\count328

(C:\Users\kadhi\AppData\Local\Programs\MiKTeX\tex/latex/pdflscape\pdflscape.sty
Package: pdflscape 2019/12/05 v0.12 Display of landscape pages in PDF (HO)
(C:\Users\kadhi\AppData\Local\Programs\MiKTeX\tex/latex/graphics\lscape.sty
Package: lscape 2020/05/28 v3.02 Landscape Pages (DPC)
)
Package pdflscape Info: Auto-detected driver: pdftex on input line 81.
)
[1

{C:/Users/kadhi/AppData/Local/MiKTeX/pdftex/config/pdftex.map}]

pdfTeX warning: pdflatex (file ../hw4_work.pdf): PDF inclusion: found PDF versi
on <1.7>, but at most version <1.5> allowed
<../hw4_work.pdf, id=7, 614.295pt x 794.97pt>
File: ../hw4_work.pdf Graphic file (type pdf)
<use ../hw4_work.pdf>
Package pdftex.def Info: ../hw4_work.pdf  used on input line 40.
(pdftex.def)             Requested size: 614.29349pt x 794.96806pt.


pdfTeX warning: pdflatex (file ../hw4_work.pdf): PDF inclusion: found PDF versi
on <1.7>, but at most version <1.5> allowed
File: ../hw4_work.pdf Graphic file (type pdf)
<use ../hw4_work.pdf>
Package pdftex.def Info: ../hw4_work.pdf  used on input line 40.
(pdftex.def)             Requested size: 614.29349pt x 794.96806pt.


pdfTeX warning: pdflatex (file ../hw4_work.pdf): PDF inclusion: found PDF versi
on <1.7>, but at most version <1.5> allowed


pdfTeX warning: pdflatex (file ../hw4_work.pdf): PDF inclusion: found PDF versi
on <1.7>, but at most version <1.5> allowed
<../hw4_work.pdf, id=10, page=1, 614.295pt x 794.97pt>
File: ../hw4_work.pdf Graphic file (type pdf)
<use ../hw4_work.pdf, page 1>
Package pdftex.def Info: ../hw4_work.pdf , page1 used on input line 40.
(pdftex.def)             Requested size: 614.29349pt x 794.96806pt.
File: ../hw4_work.pdf Graphic file (type pdf)
<use ../hw4_work.pdf, page 1>
Package pdftex.def Info: ../hw4_work.pdf , page1 used on input line 40.
(pdftex.def)             Requested size: 614.58406pt x 795.3441pt.
File: ../hw4_work.pdf Graphic file (type pdf)
<use ../hw4_work.pdf, page 1>
Package pdftex.def Info: ../hw4_work.pdf , page1 used on input line 40.
(pdftex.def)             Requested size: 614.58406pt x 795.3441pt.
File: ../hw4_work.pdf Graphic file (type pdf)
<use ../hw4_work.pdf, page 1>
Package pdftex.def Info: ../hw4_work.pdf , page1 used on input line 40.
(pdftex.def)             Requested size: 614.58406pt x 795.3441pt.
File: ../hw4_work.pdf Graphic file (type pdf)
<use ../hw4_work.pdf, page 1>
Package pdftex.def Info: ../hw4_work.pdf , page1 used on input line 40.
(pdftex.def)             Requested size: 614.58406pt x 795.3441pt.
[1 <../hw4_work.pdf>]

pdfTeX warning: pdflatex (file ../hw4_work.pdf): PDF inclusion: found PDF versi
on <1.7>, but at most version <1.5> allowed
<../hw4_work.pdf, id=31, page=2, 614.295pt x 794.97pt>
File: ../hw4_work.pdf Graphic file (type pdf)
<use ../hw4_work.pdf, page 2>
Package pdftex.def Info: ../hw4_work.pdf , page2 used on input line 40.
(pdftex.def)             Requested size: 614.58406pt x 795.3441pt.
File: ../hw4_work.pdf Graphic file (type pdf)
<use ../hw4_work.pdf, page 2>
Package pdftex.def Info: ../hw4_work.pdf , page2 used on input line 40.
(pdftex.def)             Requested size: 614.58406pt x 795.3441pt.
File: ../hw4_work.pdf Graphic file (type pdf)
<use ../hw4_work.pdf, page 2>
Package pdftex.def Info: ../hw4_work.pdf , page2 used on input line 40.
(pdftex.def)             Requested size: 614.58406pt x 795.3441pt.
[2 <../hw4_work.pdf>]

pdfTeX warning: pdflatex (file ../hw4_work.pdf): PDF inclusion: found PDF versi
on <1.7>, but at most version <1.5> allowed
<../hw4_work.pdf, id=35, page=3, 614.295pt x 794.97pt>
File: ../hw4_work.pdf Graphic file (type pdf)
<use ../hw4_work.pdf, page 3>
Package pdftex.def Info: ../hw4_work.pdf , page3 used on input line 40.
(pdftex.def)             Requested size: 614.58406pt x 795.3441pt.
File: ../hw4_work.pdf Graphic file (type pdf)
<use ../hw4_work.pdf, page 3>
Package pdftex.def Info: ../hw4_work.pdf , page3 used on input line 40.
(pdftex.def)             Requested size: 614.58406pt x 795.3441pt.
File: ../hw4_work.pdf Graphic file (type pdf)
<use ../hw4_work.pdf, page 3>
Package pdftex.def Info: ../hw4_work.pdf , page3 used on input line 40.
(pdftex.def)             Requested size: 614.58406pt x 795.3441pt.
[3 <../hw4_work.pdf>]

pdfTeX warning: pdflatex (file ../hw4_work.pdf): PDF inclusion: found PDF versi
on <1.7>, but at most version <1.5> allowed
<../hw4_work.pdf, id=40, page=4, 614.295pt x 794.97pt>
File: ../hw4_work.pdf Graphic file (type pdf)
<use ../hw4_work.pdf, page 4>
Package pdftex.def Info: ../hw4_work.pdf , page4 used on input line 40.
(pdftex.def)             Requested size: 614.58406pt x 795.3441pt.
File: ../hw4_work.pdf Graphic file (type pdf)
<use ../hw4_work.pdf, page 4>
Package pdftex.def Info: ../hw4_work.pdf , page4 used on input line 40.
(pdftex.def)             Requested size: 614.58406pt x 795.3441pt.
File: ../hw4_work.pdf Graphic file (type pdf)
<use ../hw4_work.pdf, page 4>
Package pdftex.def Info: ../hw4_work.pdf , page4 used on input line 40.
(pdftex.def)             Requested size: 614.58406pt x 795.3441pt.
[4 <../hw4_work.pdf>]
runsystem(pygmentize -S default -f latex -P commandprefix=PYG > hw4_submission.
out.pyg)...executed.

 (hw4_submission.out.pyg)
runsystem(pygmentize -S default -f latex -P commandprefix=PYGdefault > hw4_subm
ission.out.pyg)...executed.

 (hw4_submission.out.pyg)
runsystem(pygmentize -l MATLAB -f latex -P commandprefix=PYG -F tokenmerge -o h
w4_submission.out.pyg ../hw4.m)...executed.


(hw4_submission.out.pyg
LaTeX Font Info:    Font shape `OT1/cmtt/bx/n' in size <8> not available
(Font)              Font shape `OT1/cmtt/m/n' tried instead on input line 23.
LaTeX Font Info:    Font shape `OT1/cmtt/bx/n' in size <10> not available
(Font)              Font shape `OT1/cmtt/m/n' tried instead on input line 23.
 [5] [6] [7] [8]) [9] (hw4_submission.aux)
runsystem(del hw4_submission.out.pyg)...executed.

 ) 
Here is how much of TeX's memory you used:
 10113 strings out of 478699
 186227 string characters out of 2846961
 684071 words of memory out of 3000000
 28046 multiletter control sequences out of 15000+600000
 409155 words of font info for 49 fonts, out of 8000000 for 9000
 1141 hyphenation exceptions out of 8191
 74i,17n,77p,1822b,588s stack positions out of 5000i,500n,10000p,200000b,80000s
<C:/Users/kadhi/AppData/Local/Programs/MiKTeX/fonts/type1/public/amsfonts/cm/
cmbx12.pfb><C:/Users/kadhi/AppData/Local/Programs/MiKTeX/fonts/type1/public/ams
fonts/cm/cmitt10.pfb><C:/Users/kadhi/AppData/Local/Programs/MiKTeX/fonts/type1/
public/amsfonts/cm/cmmi6.pfb><C:/Users/kadhi/AppData/Local/Programs/MiKTeX/font
s/type1/public/amsfonts/cm/cmr12.pfb><C:/Users/kadhi/AppData/Local/Programs/MiK
TeX/fonts/type1/public/amsfonts/cm/cmr17.pfb><C:/Users/kadhi/AppData/Local/Prog
rams/MiKTeX/fonts/type1/public/amsfonts/cm/cmr6.pfb><C:/Users/kadhi/AppData/Loc
al/Programs/MiKTeX/fonts/type1/public/amsfonts/cm/cmsy6.pfb><C:/Users/kadhi/App
Data/Local/Programs/MiKTeX/fonts/type1/public/amsfonts/cm/cmtt8.pfb>
Output written on hw4_submission.pdf (10 pages, 4258104 bytes).
PDF statistics:
 102 PDF objects out of 1000 (max. 8388607)
 0 named destinations out of 1000 (max. 500000)
 36 words of extra memory for PDF output out of 10000 (max. 10000000)

